<?xml version="1.0" encoding="UTF-8"?>
<robot generator="Robot 4.0.3 (Python 3.9.6 on win32)" generated="20210630 20:26:17.415" rpa="false" schemaversion="2">
<suite id="s1" name="For Lista" source="C:\Projetos\PrimeExperts_junho_28_2021\for_lista">
<suite id="s1-s1" name="For Lista" source="C:\Projetos\PrimeExperts_junho_28_2021\for_lista\for_lista.robot">
<test id="s1-s1-t1" name="Caso de teste exemplo 01">
<kw name="Usando FOR com LISTA">
<for flavor="IN">
<var>${ITEM}</var>
<value>@{FRUTAS}</value>
<iter>
<var name="${ITEM}">morango banana maca</var>
<kw name="Log To Console" library="BuiltIn">
<arg>Minha fruta são: ${ITEM}</arg>
<doc>Logs the given message to the console.</doc>
<status status="PASS" starttime="20210630 20:26:17.479" endtime="20210630 20:26:17.479"/>
</kw>
<kw name="Run Keyword If" library="BuiltIn">
<arg>'${ITEM}' == 'maca'</arg>
<arg>Log</arg>
<arg>Acabou o loop!!!</arg>
<doc>Runs the given keyword with the given arguments, if ``condition`` is true.</doc>
<status status="PASS" starttime="20210630 20:26:17.484" endtime="20210630 20:26:17.485"/>
</kw>
<status status="PASS" starttime="20210630 20:26:17.478" endtime="20210630 20:26:17.485"/>
</iter>
<status status="PASS" starttime="20210630 20:26:17.478" endtime="20210630 20:26:17.485"/>
</for>
<status status="PASS" starttime="20210630 20:26:17.477" endtime="20210630 20:26:17.485"/>
</kw>
<status status="PASS" starttime="20210630 20:26:17.477" endtime="20210630 20:26:17.486"/>
</test>
<doc>Suíte para exemplificar o uso de LOOPS nos testes
Os LOOPS devem ser pouco utilizados, mas tem hora que não tem jeito
e precisamos dele mesmo, então vamos ver como é!
LOOPS: use com moderação!
Infelizmente o Loop FOR ainda não tem uma estrutura keyword-driven
Mas o criador do Robot já disse que estão estudando uma solução!</doc>
<status status="PASS" starttime="20210630 20:26:17.465" endtime="20210630 20:26:17.490"/>
</suite>
<status status="PASS" starttime="20210630 20:26:17.418" endtime="20210630 20:26:17.499"/>
</suite>
<statistics>
<total>
<stat pass="1" fail="0" skip="0">All Tests</stat>
</total>
<tag>
</tag>
<suite>
<stat pass="1" fail="0" skip="0" id="s1" name="For Lista">For Lista</stat>
<stat pass="1" fail="0" skip="0" id="s1-s1" name="For Lista">For Lista.For Lista</stat>
</suite>
</statistics>
<errors>
</errors>
</robot>
