<?xml version="1.0" encoding="UTF-8"?>
<robot generator="Robot 4.0.3 (Python 3.9.6 on win32)" generated="20210701 21:18:46.095" rpa="false" schemaversion="2">
<suite id="s1" name="Web Test" source="C:\Projetos\PrimeExperts_junho_28_2021\web_test">
<suite id="s1-s1" name="Web Test" source="C:\Projetos\PrimeExperts_junho_28_2021\web_test\web_test.robot">
<kw name="Abrir o navegador" library="resource_web" type="SETUP">
<kw name="Open Browser" library="SeleniumLibrary">
<arg>browser=Chrome</arg>
<doc>Opens a new browser instance to the optional ``url``.</doc>
<msg timestamp="20210701 21:18:46.524" level="INFO">Opening browser 'Chrome' to base url 'None'.</msg>
<status status="PASS" starttime="20210701 21:18:46.524" endtime="20210701 21:18:48.707"/>
</kw>
<status status="PASS" starttime="20210701 21:18:46.523" endtime="20210701 21:18:48.707"/>
</kw>
<test id="s1-s1-t1" name="Caso de Teste 01: Pesquisar produto existente">
<kw name="Acessar a página home do site Automation Practice" library="resource_web">
<kw name="Go To" library="SeleniumLibrary">
<arg>${URL}</arg>
<doc>Navigates the current browser window to the provided ``url``.</doc>
<msg timestamp="20210701 21:18:48.712" level="INFO">Opening url 'http://automationpractice.com'</msg>
<status status="PASS" starttime="20210701 21:18:48.711" endtime="20210701 21:18:53.541"/>
</kw>
<status status="PASS" starttime="20210701 21:18:48.710" endtime="20210701 21:18:53.542"/>
</kw>
<kw name="Digitar o nome do produto &quot;Blouse&quot; no campo de pesquisa" library="resource_web" sourcename="Digitar o nome do produto &quot;${produto}&quot; no campo de pesquisa">
<kw name="Wait Until Element Is Visible" library="SeleniumLibrary">
<arg>id:search_query_top</arg>
<doc>Waits until the element ``locator`` is visible.</doc>
<status status="PASS" starttime="20210701 21:18:53.545" endtime="20210701 21:18:53.624"/>
</kw>
<kw name="Input Text" library="SeleniumLibrary">
<arg>id:search_query_top</arg>
<arg>${produto}</arg>
<doc>Types the given ``text`` into the text field identified by ``locator``.</doc>
<msg timestamp="20210701 21:18:53.625" level="INFO">Typing text 'Blouse' into text field 'id:search_query_top'.</msg>
<status status="PASS" starttime="20210701 21:18:53.624" endtime="20210701 21:18:53.958"/>
</kw>
<status status="PASS" starttime="20210701 21:18:53.543" endtime="20210701 21:18:53.958"/>
</kw>
<kw name="Clicar no botão pesquisar" library="resource_web">
<kw name="Click Button" library="SeleniumLibrary">
<arg>name:submit_search</arg>
<doc>Clicks the button identified by ``locator``.</doc>
<msg timestamp="20210701 21:18:53.960" level="INFO">Clicking button 'name:submit_search'.</msg>
<status status="PASS" starttime="20210701 21:18:53.960" endtime="20210701 21:18:55.332"/>
</kw>
<status status="PASS" starttime="20210701 21:18:53.959" endtime="20210701 21:18:55.332"/>
</kw>
<kw name="Conferir se o produto &quot;Blouse&quot; foi listado no site" library="resource_web" sourcename="Conferir se o produto &quot;${produto}&quot; foi listado no site">
<kw name="Wait Until Element Is Visible" library="SeleniumLibrary">
<arg>//h5[@itemprop='name'][contains(.,'Blouse')]</arg>
<doc>Waits until the element ``locator`` is visible.</doc>
<status status="PASS" starttime="20210701 21:18:55.335" endtime="20210701 21:18:55.409"/>
</kw>
<kw name="Element Text Should Be" library="SeleniumLibrary">
<arg>//h5[@itemprop='name'][contains(.,'Blouse')]</arg>
<arg>${produto}</arg>
<doc>Verifies that element ``locator`` contains exact the text ``expected``.</doc>
<msg timestamp="20210701 21:18:55.410" level="INFO">Verifying element '//h5[@itemprop='name'][contains(.,'Blouse')]' contains exact text 'Blouse'.</msg>
<status status="PASS" starttime="20210701 21:18:55.409" endtime="20210701 21:18:55.455"/>
</kw>
<status status="PASS" starttime="20210701 21:18:55.334" endtime="20210701 21:18:55.455"/>
</kw>
<kw name="Conferir se o preço do produto &quot;Blouse&quot; foi listado no site" library="resource_web">
<kw name="Wait Until Element Is Visible" library="SeleniumLibrary">
<arg>//h5[@itemprop= 'price'][contains(.,'$27.00')]</arg>
<doc>Waits until the element ``locator`` is visible.</doc>
<kw name="Capture Page Screenshot" library="SeleniumLibrary">
<doc>Takes a screenshot of the current page and embeds it into a log file.</doc>
<msg timestamp="20210701 21:19:00.662" level="INFO" html="true">&lt;/td&gt;&lt;/tr&gt;&lt;tr&gt;&lt;td colspan="3"&gt;&lt;a href="selenium-screenshot-12.png"&gt;&lt;img src="selenium-screenshot-12.png" width="800px"&gt;&lt;/a&gt;</msg>
<status status="PASS" starttime="20210701 21:19:00.505" endtime="20210701 21:19:00.662"/>
</kw>
<msg timestamp="20210701 21:19:00.665" level="FAIL">Element '//h5[@itemprop= 'price'][contains(.,'$27.00')]' not visible after 5 seconds.</msg>
<status status="FAIL" starttime="20210701 21:18:55.459" endtime="20210701 21:19:00.665"/>
</kw>
<kw name="Element Text Should Be" library="SeleniumLibrary">
<arg>//h5[@itemprop='price'][contains(.,'$27.00')]</arg>
<arg>${produto}</arg>
<doc>Verifies that element ``locator`` contains exact the text ``expected``.</doc>
<status status="NOT RUN" starttime="20210701 21:19:00.666" endtime="20210701 21:19:00.666"/>
</kw>
<status status="FAIL" starttime="20210701 21:18:55.457" endtime="20210701 21:19:00.666"/>
</kw>
<status status="FAIL" starttime="20210701 21:18:48.708" endtime="20210701 21:19:00.667">Element '//h5[@itemprop= 'price'][contains(.,'$27.00')]' not visible after 5 seconds.</status>
</test>
<kw name="Fechar o navegador" library="resource_web" type="TEARDOWN">
<kw name="Close Browser" library="SeleniumLibrary">
<doc>Closes the current browser.</doc>
<status status="PASS" starttime="20210701 21:19:00.672" endtime="20210701 21:19:04.313"/>
</kw>
<status status="PASS" starttime="20210701 21:19:00.671" endtime="20210701 21:19:04.313"/>
</kw>
<doc>teste case web</doc>
<status status="FAIL" starttime="20210701 21:18:46.145" endtime="20210701 21:19:04.314"/>
</suite>
<status status="FAIL" starttime="20210701 21:18:46.098" endtime="20210701 21:19:04.320"/>
</suite>
<statistics>
<total>
<stat pass="0" fail="1" skip="0">All Tests</stat>
</total>
<tag>
</tag>
<suite>
<stat pass="0" fail="1" skip="0" id="s1" name="Web Test">Web Test</stat>
<stat pass="0" fail="1" skip="0" id="s1-s1" name="Web Test">Web Test.Web Test</stat>
</suite>
</statistics>
<errors>
</errors>
</robot>
