<?xml version="1.0" encoding="UTF-8"?>
<robot generator="Robot 4.0.3 (Python 3.9.6 on win32)" generated="20210630 20:15:06.734" rpa="false" schemaversion="2">
<suite id="s1" name="For" source="C:\Projetos\PrimeExperts_junho_28_2021\for">
<suite id="s1-s1" name="For" source="C:\Projetos\PrimeExperts_junho_28_2021\for\for.robot">
<test id="s1-s1-t1" name="contando ate 9">
<kw name="Contar">
<arg>1</arg>
<arg>9</arg>
<for flavor="IN RANGE">
<var>${count}</var>
<value>${num_inicial}</value>
<value>${num_final}</value>
<iter>
<var name="${count}">1</var>
<kw name="Log To Console" library="BuiltIn">
<arg>${\n}Estou no numero: ${count}</arg>
<doc>Logs the given message to the console.</doc>
<status status="PASS" starttime="20210630 20:15:06.897" endtime="20210630 20:15:06.903"/>
</kw>
<status status="PASS" starttime="20210630 20:15:06.897" endtime="20210630 20:15:06.903"/>
</iter>
<iter>
<var name="${count}">2</var>
<kw name="Log To Console" library="BuiltIn">
<arg>${\n}Estou no numero: ${count}</arg>
<doc>Logs the given message to the console.</doc>
<status status="PASS" starttime="20210630 20:15:06.904" endtime="20210630 20:15:06.910"/>
</kw>
<status status="PASS" starttime="20210630 20:15:06.904" endtime="20210630 20:15:06.910"/>
</iter>
<iter>
<var name="${count}">3</var>
<kw name="Log To Console" library="BuiltIn">
<arg>${\n}Estou no numero: ${count}</arg>
<doc>Logs the given message to the console.</doc>
<status status="PASS" starttime="20210630 20:15:06.911" endtime="20210630 20:15:06.915"/>
</kw>
<status status="PASS" starttime="20210630 20:15:06.911" endtime="20210630 20:15:06.916"/>
</iter>
<iter>
<var name="${count}">4</var>
<kw name="Log To Console" library="BuiltIn">
<arg>${\n}Estou no numero: ${count}</arg>
<doc>Logs the given message to the console.</doc>
<status status="PASS" starttime="20210630 20:15:06.916" endtime="20210630 20:15:06.918"/>
</kw>
<status status="PASS" starttime="20210630 20:15:06.916" endtime="20210630 20:15:06.918"/>
</iter>
<iter>
<var name="${count}">5</var>
<kw name="Log To Console" library="BuiltIn">
<arg>${\n}Estou no numero: ${count}</arg>
<doc>Logs the given message to the console.</doc>
<status status="PASS" starttime="20210630 20:15:06.919" endtime="20210630 20:15:06.925"/>
</kw>
<status status="PASS" starttime="20210630 20:15:06.918" endtime="20210630 20:15:06.925"/>
</iter>
<iter>
<var name="${count}">6</var>
<kw name="Log To Console" library="BuiltIn">
<arg>${\n}Estou no numero: ${count}</arg>
<doc>Logs the given message to the console.</doc>
<status status="PASS" starttime="20210630 20:15:06.926" endtime="20210630 20:15:06.934"/>
</kw>
<status status="PASS" starttime="20210630 20:15:06.925" endtime="20210630 20:15:06.935"/>
</iter>
<iter>
<var name="${count}">7</var>
<kw name="Log To Console" library="BuiltIn">
<arg>${\n}Estou no numero: ${count}</arg>
<doc>Logs the given message to the console.</doc>
<status status="PASS" starttime="20210630 20:15:06.935" endtime="20210630 20:15:06.938"/>
</kw>
<status status="PASS" starttime="20210630 20:15:06.935" endtime="20210630 20:15:06.938"/>
</iter>
<iter>
<var name="${count}">8</var>
<kw name="Log To Console" library="BuiltIn">
<arg>${\n}Estou no numero: ${count}</arg>
<doc>Logs the given message to the console.</doc>
<status status="PASS" starttime="20210630 20:15:06.938" endtime="20210630 20:15:06.944"/>
</kw>
<status status="PASS" starttime="20210630 20:15:06.938" endtime="20210630 20:15:06.945"/>
</iter>
<status status="PASS" starttime="20210630 20:15:06.896" endtime="20210630 20:15:06.945"/>
</for>
<status status="PASS" starttime="20210630 20:15:06.891" endtime="20210630 20:15:06.945"/>
</kw>
<status status="PASS" starttime="20210630 20:15:06.889" endtime="20210630 20:15:06.947"/>
</test>
<doc>testando lacos(for) com robot</doc>
<status status="PASS" starttime="20210630 20:15:06.839" endtime="20210630 20:15:06.950"/>
</suite>
<status status="PASS" starttime="20210630 20:15:06.738" endtime="20210630 20:15:06.974"/>
</suite>
<statistics>
<total>
<stat pass="1" fail="0" skip="0">All Tests</stat>
</total>
<tag>
</tag>
<suite>
<stat pass="1" fail="0" skip="0" id="s1" name="For">For</stat>
<stat pass="1" fail="0" skip="0" id="s1-s1" name="For">For.For</stat>
</suite>
</statistics>
<errors>
</errors>
</robot>
