<?xml version="1.0" encoding="UTF-8"?>
<robot generator="Robot 4.0.3 (Python 3.9.6 on win32)" generated="20210629 22:13:27.818" rpa="false" schemaversion="2">
<suite id="s1" name="Dados Pessoa" source="C:\Projetos\PrimeExperts_junho_28_2021\variables\dados_pessoa.robot">
<test id="s1-t1" name="Retorna os dados da Pessoa">
<kw name="Meu teste imprimindo lista de PESSOA">
<kw name="Log To Console" library="BuiltIn">
<arg>${\n}</arg>
<doc>Logs the given message to the console.</doc>
<status status="PASS" starttime="20210629 22:13:27.864" endtime="20210629 22:13:27.864"/>
</kw>
<kw name="Log To Console" library="BuiltIn">
<arg>Nome: ${PESSOA.nome} e email: ${PESSOA.email} idade: ${PESSOA.idade} sexo: ${PESSOA.sexo} profissao: ${PESSOA.profissao}</arg>
<doc>Logs the given message to the console.</doc>
<status status="PASS" starttime="20210629 22:13:27.865" endtime="20210629 22:13:27.870"/>
</kw>
<status status="PASS" starttime="20210629 22:13:27.862" endtime="20210629 22:13:27.871"/>
</kw>
<status status="PASS" starttime="20210629 22:13:27.861" endtime="20210629 22:13:27.872"/>
</test>
<doc>Dados Pessoa</doc>
<status status="PASS" starttime="20210629 22:13:27.821" endtime="20210629 22:13:27.875"/>
</suite>
<statistics>
<total>
<stat pass="1" fail="0" skip="0">All Tests</stat>
</total>
<tag>
</tag>
<suite>
<stat pass="1" fail="0" skip="0" id="s1" name="Dados Pessoa">Dados Pessoa</stat>
</suite>
</statistics>
<errors>
</errors>
</robot>
