<?xml version="1.0" encoding="UTF-8"?>
<robot generator="Robot 4.0.3 (Python 3.9.6 on win32)" generated="20210630 19:28:57.274" rpa="false" schemaversion="2">
<suite id="s1" name="Argumentos" source="C:\Projetos\PrimeExperts_junho_28_2021\argumentos">
<suite id="s1-s1" name="Argumentos Retornos" source="C:\Projetos\PrimeExperts_junho_28_2021\argumentos\argumentos_retornos.robot">
<test id="s1-s1-t1" name="Meu teste de soma">
<kw name="somar dois numeros">
<var>${resultado_da_soma}</var>
<arg>1</arg>
<arg>2</arg>
<kw name="Evaluate" library="BuiltIn">
<var>${resultado_da_expressao}</var>
<arg>${primeiro_num}+ ${segundo_num}</arg>
<doc>Evaluates the given expression in Python and returns the result.</doc>
<msg timestamp="20210630 19:28:57.360" level="INFO">${resultado_da_expressao} = 3</msg>
<status status="PASS" starttime="20210630 19:28:57.358" endtime="20210630 19:28:57.360"/>
</kw>
<kw name="Log" library="BuiltIn">
<arg>${\n}Resultado é: ${resultado_da_expressao}</arg>
<doc>Logs the given message with the given level.</doc>
<msg timestamp="20210630 19:28:57.361" level="INFO">
Resultado é: 3</msg>
<status status="PASS" starttime="20210630 19:28:57.361" endtime="20210630 19:28:57.361"/>
</kw>
<msg timestamp="20210630 19:28:57.362" level="INFO">${resultado_da_soma} = 3</msg>
<status status="PASS" starttime="20210630 19:28:57.356" endtime="20210630 19:28:57.362"/>
</kw>
<kw name="Log" library="BuiltIn">
<arg>${resultado_da_soma}</arg>
<doc>Logs the given message with the given level.</doc>
<msg timestamp="20210630 19:28:57.364" level="INFO">3</msg>
<status status="PASS" starttime="20210630 19:28:57.364" endtime="20210630 19:28:57.364"/>
</kw>
<kw name="somar dois numeros">
<var>${resultado_da_soma}</var>
<arg>${resultado_da_soma}</arg>
<arg>4</arg>
<kw name="Evaluate" library="BuiltIn">
<var>${resultado_da_expressao}</var>
<arg>${primeiro_num}+ ${segundo_num}</arg>
<doc>Evaluates the given expression in Python and returns the result.</doc>
<msg timestamp="20210630 19:28:57.367" level="INFO">${resultado_da_expressao} = 7</msg>
<status status="PASS" starttime="20210630 19:28:57.366" endtime="20210630 19:28:57.367"/>
</kw>
<kw name="Log" library="BuiltIn">
<arg>${\n}Resultado é: ${resultado_da_expressao}</arg>
<doc>Logs the given message with the given level.</doc>
<msg timestamp="20210630 19:28:57.368" level="INFO">
Resultado é: 7</msg>
<status status="PASS" starttime="20210630 19:28:57.367" endtime="20210630 19:28:57.368"/>
</kw>
<msg timestamp="20210630 19:28:57.369" level="INFO">${resultado_da_soma} = 7</msg>
<status status="PASS" starttime="20210630 19:28:57.365" endtime="20210630 19:28:57.369"/>
</kw>
<status status="PASS" starttime="20210630 19:28:57.354" endtime="20210630 19:28:57.370"/>
</test>
<doc>Testes argumentos e retornos</doc>
<status status="PASS" starttime="20210630 19:28:57.324" endtime="20210630 19:28:57.373"/>
</suite>
<status status="PASS" starttime="20210630 19:28:57.278" endtime="20210630 19:28:57.377"/>
</suite>
<statistics>
<total>
<stat pass="1" fail="0" skip="0">All Tests</stat>
</total>
<tag>
</tag>
<suite>
<stat pass="1" fail="0" skip="0" id="s1" name="Argumentos">Argumentos</stat>
<stat pass="1" fail="0" skip="0" id="s1-s1" name="Argumentos Retornos">Argumentos.Argumentos Retornos</stat>
</suite>
</statistics>
<errors>
</errors>
</robot>
